[debug] [2022-06-18T13:24:19.965Z] ----------------------------------------------------------------------
[debug] [2022-06-18T13:24:19.967Z] Command:       C:\Program Files\nodejs\node.exe C:\Users\ElijayOK\AppData\Roaming\npm\node_modules\firebase-tools\lib\bin\firebase.js emulators:start
[debug] [2022-06-18T13:24:19.967Z] CLI Version:   10.9.2
[debug] [2022-06-18T13:24:19.968Z] Platform:      win32
[debug] [2022-06-18T13:24:19.968Z] Node Version:  v16.14.2
[debug] [2022-06-18T13:24:19.970Z] Time:          Sat Jun 18 2022 14:24:19 GMT+0100 (British Summer Time)
[debug] [2022-06-18T13:24:19.971Z] ----------------------------------------------------------------------
[debug] 
[debug] [2022-06-18T13:24:19.974Z] >>> [apiv2][query] GET https://firebase-public.firebaseio.com/cli.json [none]
[debug] [2022-06-18T13:24:20.064Z] > command requires scopes: ["email","openid","https://www.googleapis.com/auth/cloudplatformprojects.readonly","https://www.googleapis.com/auth/firebase","https://www.googleapis.com/auth/cloud-platform"]
[debug] [2022-06-18T13:24:20.064Z] > authorizing via signed-in user (laura.merris@googlemail.com)
[debug] [2022-06-18T13:24:20.335Z] java version "1.8.0_201"
Java(TM) SE Runtime Environment (build 1.8.0_201-b09
[debug] [2022-06-18T13:24:20.336Z] )
Java HotSpot(TM) Client VM (build 25.201-b09, mixed mode)

[debug] [2022-06-18T13:24:20.342Z] Parsed Java major version: 1
[warn] !  emulators: Support for Java version <= 10 will be dropped soon in firebase-tools@11. Please upgrade to Java version 11 or above to continue using the emulators. 
[info] i  emulators: Starting emulators: database {"metadata":{"emulator":{"name":"hub"},"message":"Starting emulators: database"}}
[debug] [2022-06-18T13:24:20.368Z] [hub] writing locator at C:\Users\ElijayOK\AppData\Local\Temp\hub-dodonedid-57696.json
[debug] [2022-06-18T13:24:20.384Z] > refreshing access token with scopes: []
[debug] [2022-06-18T13:24:20.385Z] >>> HTTP REQUEST POST https://www.googleapis.com/oauth2/v3/token  
 <request body omitted>
[debug] [2022-06-18T13:24:20.424Z] <<< [apiv2][status] GET https://firebase-public.firebaseio.com/cli.json 200
[debug] [2022-06-18T13:24:20.425Z] <<< [apiv2][body] GET https://firebase-public.firebaseio.com/cli.json {"cloudBuildErrorAfter":1594252800000,"cloudBuildWarnAfter":1590019200000,"defaultNode10After":1594252800000,"minVersion":"3.0.5","node8DeploysDisabledAfter":1613390400000,"node8RuntimeDisabledAfter":1615809600000,"node8WarnAfter":1600128000000}
[debug] [2022-06-18T13:24:20.518Z] <<< HTTP RESPONSE 200 {"cache-control":"no-cache, no-store, max-age=0, must-revalidate","pragma":"no-cache","date":"Sat, 18 Jun 2022 13:24:22 GMT","expires":"Mon, 01 Jan 1990 00:00:00 GMT","content-type":"application/json; charset=utf-8","vary":"X-Origin, Referer, Origin,Accept-Encoding","server":"scaffolding on HTTPServer2","x-xss-protection":"0","x-frame-options":"SAMEORIGIN","x-content-type-options":"nosniff","alt-svc":"h3=\":443\"; ma=2592000,h3-29=\":443\"; ma=2592000,h3-Q050=\":443\"; ma=2592000,h3-Q046=\":443\"; ma=2592000,h3-Q043=\":443\"; ma=2592000,quic=\":443\"; ma=2592000; v=\"46,43\"","accept-ranges":"none","transfer-encoding":"chunked"}
[debug] [2022-06-18T13:24:20.537Z] >>> [apiv2][query] GET https://firebase.googleapis.com/v1beta1/projects/dodonedid-57696 [none]
[debug] [2022-06-18T13:24:20.809Z] <<< [apiv2][status] GET https://firebase.googleapis.com/v1beta1/projects/dodonedid-57696 200
[debug] [2022-06-18T13:24:20.810Z] <<< [apiv2][body] GET https://firebase.googleapis.com/v1beta1/projects/dodonedid-57696 {"projectId":"dodonedid-57696","projectNumber":"846459536194","displayName":"DoDoneDid","name":"projects/dodonedid-57696","resources":{"hostingSite":"dodonedid-57696","realtimeDatabaseInstance":"dodonedid-57696-default-rtdb"},"state":"ACTIVE"}
[debug] [2022-06-18T13:24:20.811Z] database rules config:  [{"instance":"dodonedid-57696-default-rtdb","rules":"C:\\Users\\ElijayOK\\Documents\\js projects\\DoDoneDid\\do-done-did\\database.rules.json"}]
[debug] [2022-06-18T13:24:20.852Z] Ignoring unsupported arg: projectId {"metadata":{"emulator":{"name":"database"},"message":"Ignoring unsupported arg: projectId"}}
[debug] [2022-06-18T13:24:20.852Z] Ignoring unsupported arg: auto_download {"metadata":{"emulator":{"name":"database"},"message":"Ignoring unsupported arg: auto_download"}}
[debug] [2022-06-18T13:24:20.853Z] Ignoring unsupported arg: rules {"metadata":{"emulator":{"name":"database"},"message":"Ignoring unsupported arg: rules"}}
[debug] [2022-06-18T13:24:20.853Z] Starting Database Emulator with command {"binary":"java","args":["-Duser.language=en","-jar","C:\\Users\\ElijayOK\\.cache\\firebase\\emulators\\firebase-database-emulator-v4.7.3.jar","--host","localhost","--port",9000],"optionalArgs":["port","host","functions_emulator_port","functions_emulator_host"],"joinArgs":false} {"metadata":{"emulator":{"name":"database"},"message":"Starting Database Emulator with command {\"binary\":\"java\",\"args\":[\"-Duser.language=en\",\"-jar\",\"C:\\\\Users\\\\ElijayOK\\\\.cache\\\\firebase\\\\emulators\\\\firebase-database-emulator-v4.7.3.jar\",\"--host\",\"localhost\",\"--port\",9000],\"optionalArgs\":[\"port\",\"host\",\"functions_emulator_port\",\"functions_emulator_host\"],\"joinArgs\":false}"}}
[info] i  database: Database Emulator logging to database-debug.log {"metadata":{"emulator":{"name":"database"},"message":"Database Emulator logging to \u001b[1mdatabase-debug.log\u001b[22m"}}
[debug] [2022-06-18T13:24:22.890Z] 14:24:22.886 [NamespaceSystem-akka.actor.default-dispatcher-5] INFO akka.event.slf4j.Slf4jLogger - Slf4jLogger started
 {"metadata":{"emulator":{"name":"database"},"message":"14:24:22.886 [NamespaceSystem-akka.actor.default-dispatcher-5] INFO akka.event.slf4j.Slf4jLogger - Slf4jLogger started\r\n"}}
[debug] [2022-06-18T13:24:23.054Z] 14:24:23.054 [main] INFO com.firebase.server.forge.App$ - Listening at localhost:9000
 {"metadata":{"emulator":{"name":"database"},"message":"14:24:23.054 [main] INFO com.firebase.server.forge.App$ - Listening at localhost:9000\r\n"}}
[debug] [2022-06-18T13:24:23.535Z] Ignoring unsupported arg: auto_download {"metadata":{"emulator":{"name":"ui"},"message":"Ignoring unsupported arg: auto_download"}}
[debug] [2022-06-18T13:24:23.536Z] Ignoring unsupported arg: port {"metadata":{"emulator":{"name":"ui"},"message":"Ignoring unsupported arg: port"}}
[debug] [2022-06-18T13:24:23.536Z] Starting Emulator UI with command {"binary":"node","args":["C:\\Users\\ElijayOK\\.cache\\firebase\\emulators\\ui-v1.7.0\\server.bundle.js"],"optionalArgs":[],"joinArgs":false} {"metadata":{"emulator":{"name":"ui"},"message":"Starting Emulator UI with command {\"binary\":\"node\",\"args\":[\"C:\\\\Users\\\\ElijayOK\\\\.cache\\\\firebase\\\\emulators\\\\ui-v1.7.0\\\\server.bundle.js\"],\"optionalArgs\":[],\"joinArgs\":false}"}}
[info] i  ui: Emulator UI logging to ui-debug.log {"metadata":{"emulator":{"name":"ui"},"message":"Emulator UI logging to \u001b[1mui-debug.log\u001b[22m"}}
[debug] [2022-06-18T13:24:23.697Z] Web / API server started at localhost:4000
 {"metadata":{"emulator":{"name":"ui"},"message":"Web / API server started at localhost:4000\n"}}
[debug] [2022-06-18T13:24:23.822Z] >>> HTTP REQUEST PUT http://localhost:9000/.settings/rules.json?ns=dodonedid-57696-default-rtdb  
 {
  /* Visit https://firebase.google.com/docs/database/security to learn more about security rules. */
  "rules": {
    ".read": false,
    ".write": false
  }
}
[debug] [2022-06-18T13:24:24.320Z] <<< HTTP RESPONSE 200 {"content-length":"15","content-type":"application/json; charset=utf-8","access-control-allow-origin":"*","cache-control":"no-cache","x-firebase-project-id":"dodonedid-57696-default-rtdb","x-firebase-project-number":"123456789","x-firebase-uuid":"eefafd88-ffcb-4497-94a6-2897aa16c8d8"}
[info] 
┌─────────────────────────────────────────────────────────────┐
│ ✔  All emulators ready! It is now safe to connect your app. │
│ i  View Emulator UI at http://localhost:4000                │
└─────────────────────────────────────────────────────────────┘

┌──────────┬────────────────┬────────────────────────────────┐
│ Emulator │ Host:Port      │ View in Emulator UI            │
├──────────┼────────────────┼────────────────────────────────┤
│ Database │ localhost:9000 │ http://localhost:4000/database │
└──────────┴────────────────┴────────────────────────────────┘
  Emulator Hub running at localhost:4400
  Other reserved ports: 4500

Issues? Report them at https://github.com/firebase/firebase-tools/issues and attach the *-debug.log files.
 
[warn] !  emulators: Support for Java version <= 10 will be dropped soon in firebase-tools@11. Please upgrade to Java version 11 or above to continue using the emulators. 
